<?xml version="1.0" encoding="UTF-8"?>
<!-- Generated by org.testng.reporters.JUnitReportReporter -->
<testsuite hostname="LAPTOP-P36ABI33" failures="0" tests="1" name="com.qa.testCases.Test_Login_Page" time="18.136" errors="0" timestamp="2023-08-09T16:03:42 IST" skipped="0">
  <testcase classname="com.qa.testCases.Test_Login_Page" name="testLoginPage" time="18.136"/>
</testsuite> <!-- com.qa.testCases.Test_Login_Page -->
