<?xml version="1.0" encoding="UTF-8"?>
<!-- Generated by org.testng.reporters.JUnitReportReporter -->
<testsuite hostname="LAPTOP-P36ABI33" failures="0" tests="1" name="com.qa.testCases.Test_Login_Page" time="8.223" errors="0" timestamp="2023-08-10T17:58:13 IST" skipped="0">
  <testcase classname="com.qa.testCases.Test_Login_Page" name="testLoginPage" time="8.223"/>
</testsuite> <!-- com.qa.testCases.Test_Login_Page -->
